c:\users\khoa5\desktop\ass2\libpro\libpro\x64\debug\vc141.pdb
c:\users\khoa5\desktop\ass2\libpro\libpro\x64\debug\libmenu.obj
c:\users\khoa5\desktop\ass2\libpro\libpro\x64\debug\moc_usermenu.obj
c:\users\khoa5\desktop\ass2\libpro\libpro\x64\debug\moc_stareditor.obj
c:\users\khoa5\desktop\ass2\libpro\libpro\x64\debug\moc_stardelegate.obj
c:\users\khoa5\desktop\ass2\libpro\libpro\x64\debug\moc_requestingwidget.obj
c:\users\khoa5\desktop\ass2\libpro\libpro\x64\debug\moc_registerform.obj
c:\users\khoa5\desktop\ass2\libpro\libpro\x64\debug\moc_noticewidget.obj
c:\users\khoa5\desktop\ass2\libpro\libpro\x64\debug\moc_libpro.obj
c:\users\khoa5\desktop\ass2\libpro\libpro\x64\debug\moc_libmenu.obj
c:\users\khoa5\desktop\ass2\libpro\libpro\x64\debug\moc_informationdialog.obj
c:\users\khoa5\desktop\ass2\libpro\libpro\x64\debug\moc_forgotpass.obj
c:\users\khoa5\desktop\ass2\libpro\libpro\x64\debug\moc_bookitemwidget.obj
c:\users\khoa5\desktop\ass2\libpro\libpro\x64\debug\moc_adminmenu.obj
c:\users\khoa5\desktop\ass2\libpro\libpro\x64\debug\moc_accountdetailwidget.obj
c:\users\khoa5\desktop\ass2\libpro\libpro\x64\debug\forgotpass.obj
c:\users\khoa5\desktop\ass2\libpro\libpro\x64\debug\features.obj
c:\users\khoa5\desktop\ass2\libpro\libpro\x64\debug\bookitemwidget.obj
c:\users\khoa5\desktop\ass2\libpro\libpro\x64\debug\adminmenu.obj
c:\users\khoa5\desktop\ass2\libpro\libpro\x64\debug\accountdetailwidget.obj
c:\users\khoa5\desktop\ass2\libpro\libpro\x64\debug\usermenu.obj
c:\users\khoa5\desktop\ass2\libpro\libpro\x64\debug\starrating.obj
c:\users\khoa5\desktop\ass2\libpro\libpro\x64\debug\stareditor.obj
c:\users\khoa5\desktop\ass2\libpro\libpro\x64\debug\stardelegate.obj
c:\users\khoa5\desktop\ass2\libpro\libpro\x64\debug\requestingwidget.obj
c:\users\khoa5\desktop\ass2\libpro\libpro\x64\debug\registerform.obj
c:\users\khoa5\desktop\ass2\libpro\libpro\x64\debug\noticewidget.obj
c:\users\khoa5\desktop\ass2\libpro\libpro\x64\debug\main.obj
c:\users\khoa5\desktop\ass2\libpro\libpro\x64\debug\libpro.obj
c:\users\khoa5\desktop\ass2\libpro\libpro\x64\debug\informationdialog.obj
c:\users\khoa5\desktop\ass2\libpro\libpro\x64\debug\qrc_source2.obj
c:\users\khoa5\desktop\ass2\libpro\libpro\x64\debug\qrc_source1.obj
c:\users\khoa5\desktop\ass2\libpro\libpro\x64\debug\qrc_source.obj
c:\users\khoa5\desktop\ass2\libpro\libpro\x64\debug\qrc_libpro.obj
c:\users\khoa5\desktop\ass2\libpro\libpro\generatedfiles\debug\moc_libpro.cpp
c:\users\khoa5\desktop\ass2\libpro\libpro\generatedfiles\debug\moc_bookitemwidget.cpp
c:\users\khoa5\desktop\ass2\libpro\libpro\generatedfiles\debug\moc_accountdetailwidget.cpp
c:\users\khoa5\desktop\ass2\libpro\libpro\generatedfiles\debug\moc_libmenu.cpp
c:\users\khoa5\desktop\ass2\libpro\libpro\generatedfiles\debug\moc_informationdialog.cpp
c:\users\khoa5\desktop\ass2\libpro\libpro\generatedfiles\debug\moc_noticewidget.cpp
c:\users\khoa5\desktop\ass2\libpro\libpro\generatedfiles\debug\moc_requestingwidget.cpp
c:\users\khoa5\desktop\ass2\libpro\libpro\generatedfiles\debug\moc_stareditor.cpp
c:\users\khoa5\desktop\ass2\libpro\libpro\generatedfiles\debug\moc_stardelegate.cpp
c:\users\khoa5\desktop\ass2\libpro\libpro\generatedfiles\debug\moc_usermenu.cpp
c:\users\khoa5\desktop\ass2\libpro\libpro\generatedfiles\debug\moc_forgotpass.cpp
c:\users\khoa5\desktop\ass2\libpro\libpro\generatedfiles\debug\moc_registerform.cpp
c:\users\khoa5\desktop\ass2\libpro\libpro\generatedfiles\ui_forgotpass.h
c:\users\khoa5\desktop\ass2\libpro\libpro\generatedfiles\ui_usermenu.h
c:\users\khoa5\desktop\ass2\libpro\libpro\generatedfiles\ui_registerform.h
c:\users\khoa5\desktop\ass2\libpro\libpro\generatedfiles\qrc_source.cpp
c:\users\khoa5\desktop\ass2\libpro\libpro\generatedfiles\ui_libpro.h
c:\users\khoa5\desktop\ass2\libpro\libpro\generatedfiles\ui_libmenu.h
c:\users\khoa5\desktop\ass2\libpro\libpro\generatedfiles\qrc_source1.cpp
c:\users\khoa5\desktop\ass2\libpro\libpro\generatedfiles\qrc_source2.cpp
c:\users\khoa5\desktop\ass2\libpro\libpro\generatedfiles\ui_bookitemwidget.h
c:\users\khoa5\desktop\ass2\libpro\libpro\generatedfiles\ui_accountdetailwidget.h
c:\users\khoa5\desktop\ass2\libpro\libpro\generatedfiles\ui_requestingwidget.h
c:\users\khoa5\desktop\ass2\libpro\libpro\generatedfiles\ui_noticewidget.h
c:\users\khoa5\desktop\ass2\libpro\libpro\generatedfiles\qrc_libpro.cpp
c:\users\khoa5\desktop\ass2\libpro\libpro\generatedfiles\ui_informationdialog.h
c:\users\khoa5\desktop\ass2\libpro\libpro\generatedfiles\ui_adminmenu.h
c:\users\khoa5\desktop\ass2\libpro\libpro\generatedfiles\debug\moc_adminmenu.cpp
c:\users\khoa5\desktop\ass2\libpro\x64\debug\libpro.ilk
c:\users\khoa5\desktop\ass2\libpro\x64\debug\libpro.exe
c:\users\khoa5\desktop\ass2\libpro\x64\debug\libpro.pdb
c:\users\khoa5\desktop\ass2\libpro\libpro\x64\debug\libpro.res
c:\users\khoa5\desktop\ass2\libpro\libpro\x64\debug\libpro.tlog\cl.command.1.tlog
c:\users\khoa5\desktop\ass2\libpro\libpro\x64\debug\libpro.tlog\cl.read.1.tlog
c:\users\khoa5\desktop\ass2\libpro\libpro\x64\debug\libpro.tlog\cl.write.1.tlog
c:\users\khoa5\desktop\ass2\libpro\libpro\x64\debug\libpro.tlog\custombuild.command.1.tlog
c:\users\khoa5\desktop\ass2\libpro\libpro\x64\debug\libpro.tlog\custombuild.read.1.tlog
c:\users\khoa5\desktop\ass2\libpro\libpro\x64\debug\libpro.tlog\custombuild.write.1.tlog
c:\users\khoa5\desktop\ass2\libpro\libpro\x64\debug\libpro.tlog\link.command.1.tlog
c:\users\khoa5\desktop\ass2\libpro\libpro\x64\debug\libpro.tlog\link.read.1.tlog
c:\users\khoa5\desktop\ass2\libpro\libpro\x64\debug\libpro.tlog\link.write.1.tlog
c:\users\khoa5\desktop\ass2\libpro\libpro\x64\debug\libpro.tlog\rc.command.1.tlog
c:\users\khoa5\desktop\ass2\libpro\libpro\x64\debug\libpro.tlog\rc.read.1.tlog
c:\users\khoa5\desktop\ass2\libpro\libpro\x64\debug\libpro.tlog\rc.write.1.tlog
